{"C:\\Users\\user\\Desktop\\ReactJs By akshaysaini\\Lesson4\\src\\Component\\Contact.js": {"path":"C:\\Users\\user\\Desktop\\ReactJs By akshaysaini\\Lesson4\\src\\Component\\Contact.js","statementMap":{"0":{"start":{"line":1,"column":14},"end":{"line":13,"column":1}},"1":{"start":{"line":2,"column":4},"end":{"line":12,"column":5}}},"fnMap":{"0":{"name":"(anonymous_0)","decl":{"start":{"line":1,"column":14},"end":{"line":1,"column":15}},"loc":{"start":{"line":1,"column":18},"end":{"line":13,"column":1}},"line":1}},"branchMap":{},"s":{"0":1,"1":2},"f":{"0":2},"b":{},"_coverageSchema":"1a1c01bbd47fc00a2c39e90264f33305004495a9","hash":"9191c69a36573ec99ba2adc049163b64674e5723"}
}
