{"C:\\Users\\user\\Desktop\\ReactJs By akshaysaini\\Lesson4\\src\\Component\\Contact.js": {"path":"C:\\Users\\user\\Desktop\\ReactJs By akshaysaini\\Lesson4\\src\\Component\\Contact.js","statementMap":{"0":{"start":{"line":1,"column":14},"end":{"line":13,"column":1}},"1":{"start":{"line":2,"column":4},"end":{"line":12,"column":5}}},"fnMap":{"0":{"name":"(anonymous_0)","decl":{"start":{"line":1,"column":14},"end":{"line":1,"column":15}},"loc":{"start":{"line":1,"column":18},"end":{"line":13,"column":1}},"line":1}},"branchMap":{},"s":{"0":1,"1":2},"f":{"0":2},"b":{},"_coverageSchema":"1a1c01bbd47fc00a2c39e90264f33305004495a9","hash":"9191c69a36573ec99ba2adc049163b64674e5723"}
,"C:\\Users\\user\\Desktop\\ReactJs By akshaysaini\\Lesson4\\src\\Component\\Header.js": {"path":"C:\\Users\\user\\Desktop\\ReactJs By akshaysaini\\Lesson4\\src\\Component\\Header.js","statementMap":{"0":{"start":{"line":8,"column":13},"end":{"line":43,"column":1}},"1":{"start":{"line":9,"column":28},"end":{"line":9,"column":45}},"2":{"start":{"line":10,"column":23},"end":{"line":10,"column":40}},"3":{"start":{"line":11,"column":25},"end":{"line":11,"column":48}},"4":{"start":{"line":12,"column":15},"end":{"line":12,"column":53}},"5":{"start":{"line":12,"column":36},"end":{"line":12,"column":52}},"6":{"start":{"line":13,"column":4},"end":{"line":42,"column":5}},"7":{"start":{"line":37,"column":64},"end":{"line":37,"column":116}}},"fnMap":{"0":{"name":"(anonymous_0)","decl":{"start":{"line":8,"column":13},"end":{"line":8,"column":14}},"loc":{"start":{"line":8,"column":17},"end":{"line":43,"column":1}},"line":8},"1":{"name":"(anonymous_1)","decl":{"start":{"line":12,"column":27},"end":{"line":12,"column":28}},"loc":{"start":{"line":12,"column":36},"end":{"line":12,"column":52}},"line":12},"2":{"name":"(anonymous_2)","decl":{"start":{"line":37,"column":59},"end":{"line":37,"column":60}},"loc":{"start":{"line":37,"column":63},"end":{"line":37,"column":117}},"line":37}},"branchMap":{"0":{"loc":{"start":{"line":20,"column":40},"end":{"line":20,"column":62}},"type":"cond-expr","locations":[{"start":{"line":20,"column":53},"end":{"line":20,"column":57}},{"start":{"line":20,"column":58},"end":{"line":20,"column":62}}],"line":20},"1":{"loc":{"start":{"line":37,"column":64},"end":{"line":37,"column":116}},"type":"cond-expr","locations":[{"start":{"line":37,"column":80},"end":{"line":37,"column":98}},{"start":{"line":37,"column":99},"end":{"line":37,"column":116}}],"line":37}},"s":{"0":1,"1":0,"2":0,"3":0,"4":0,"5":0,"6":0,"7":0},"f":{"0":0,"1":0,"2":0},"b":{"0":[0,0],"1":[0,0]},"_coverageSchema":"1a1c01bbd47fc00a2c39e90264f33305004495a9","hash":"606ab0135d34178810dd823d6baf9c6b53614f84"}
,"C:\\Users\\user\\Desktop\\ReactJs By akshaysaini\\Lesson4\\src\\utils\\UserContext.js": {"path":"C:\\Users\\user\\Desktop\\ReactJs By akshaysaini\\Lesson4\\src\\utils\\UserContext.js","statementMap":{"0":{"start":{"line":5,"column":18},"end":{"line":7,"column":2}}},"fnMap":{},"branchMap":{},"s":{"0":1},"f":{},"b":{},"_coverageSchema":"1a1c01bbd47fc00a2c39e90264f33305004495a9","hash":"d273c009e6c4fa06c371db4234badedd9fdbd0aa"}
,"C:\\Users\\user\\Desktop\\ReactJs By akshaysaini\\Lesson4\\src\\utils\\constant.js": {"path":"C:\\Users\\user\\Desktop\\ReactJs By akshaysaini\\Lesson4\\src\\utils\\constant.js","statementMap":{"0":{"start":{"line":1,"column":23},"end":{"line":1,"column":8143}},"1":{"start":{"line":2,"column":22},"end":{"line":2,"column":118}},"2":{"start":{"line":5,"column":22},"end":{"line":5,"column":94}}},"fnMap":{},"branchMap":{},"s":{"0":1,"1":1,"2":1},"f":{},"b":{},"_coverageSchema":"1a1c01bbd47fc00a2c39e90264f33305004495a9","hash":"b3c133cb3653b3c2b2555abb70bb7c46777612f8"}
,"C:\\Users\\user\\Desktop\\ReactJs By akshaysaini\\Lesson4\\src\\utils\\useOnlineStatus.js": {"path":"C:\\Users\\user\\Desktop\\ReactJs By akshaysaini\\Lesson4\\src\\utils\\useOnlineStatus.js","statementMap":{"0":{"start":{"line":4,"column":22},"end":{"line":17,"column":1}},"1":{"start":{"line":5,"column":37},"end":{"line":5,"column":51}},"2":{"start":{"line":7,"column":1},"end":{"line":14,"column":7}},"3":{"start":{"line":8,"column":4},"end":{"line":10,"column":7}},"4":{"start":{"line":9,"column":8},"end":{"line":9,"column":31}},"5":{"start":{"line":11,"column":4},"end":{"line":13,"column":7}},"6":{"start":{"line":12,"column":6},"end":{"line":12,"column":28}},"7":{"start":{"line":15,"column":1},"end":{"line":15,"column":21}}},"fnMap":{"0":{"name":"(anonymous_0)","decl":{"start":{"line":4,"column":22},"end":{"line":4,"column":23}},"loc":{"start":{"line":4,"column":26},"end":{"line":17,"column":1}},"line":4},"1":{"name":"(anonymous_1)","decl":{"start":{"line":7,"column":11},"end":{"line":7,"column":12}},"loc":{"start":{"line":7,"column":15},"end":{"line":14,"column":2}},"line":7},"2":{"name":"(anonymous_2)","decl":{"start":{"line":8,"column":38},"end":{"line":8,"column":39}},"loc":{"start":{"line":8,"column":42},"end":{"line":10,"column":5}},"line":8},"3":{"name":"(anonymous_3)","decl":{"start":{"line":11,"column":37},"end":{"line":11,"column":38}},"loc":{"start":{"line":11,"column":41},"end":{"line":13,"column":5}},"line":11}},"branchMap":{},"s":{"0":1,"1":0,"2":0,"3":0,"4":0,"5":0,"6":0,"7":0},"f":{"0":0,"1":0,"2":0,"3":0},"b":{},"_coverageSchema":"1a1c01bbd47fc00a2c39e90264f33305004495a9","hash":"b58766aeb30aa18cce48e165f94be6b5adf5d709"}
}
